[2025-12-29T16:38:31.028+0000] {processor.py:161} INFO - Started process (PID=3006) to work on /opt/airflow/dags/rq4_fairness_dag.py
[2025-12-29T16:38:31.030+0000] {processor.py:830} INFO - Processing file /opt/airflow/dags/rq4_fairness_dag.py for tasks to queue
[2025-12-29T16:38:31.032+0000] {logging_mixin.py:188} INFO - [2025-12-29T16:38:31.031+0000] {dagbag.py:538} INFO - Filling up the DagBag from /opt/airflow/dags/rq4_fairness_dag.py
[2025-12-29T16:38:31.067+0000] {processor.py:840} INFO - DAG(s) 'rq4_fairness_pipeline' retrieved from /opt/airflow/dags/rq4_fairness_dag.py
[2025-12-29T16:38:31.297+0000] {logging_mixin.py:188} INFO - [2025-12-29T16:38:31.297+0000] {override.py:1769} INFO - Created Permission View: can read on DAG:rq4_fairness_pipeline
[2025-12-29T16:38:31.313+0000] {logging_mixin.py:188} INFO - [2025-12-29T16:38:31.312+0000] {override.py:1769} INFO - Created Permission View: can edit on DAG:rq4_fairness_pipeline
[2025-12-29T16:38:31.322+0000] {logging_mixin.py:188} INFO - [2025-12-29T16:38:31.322+0000] {override.py:1769} INFO - Created Permission View: can delete on DAG:rq4_fairness_pipeline
[2025-12-29T16:38:31.323+0000] {logging_mixin.py:188} INFO - [2025-12-29T16:38:31.323+0000] {dag.py:3036} INFO - Sync 1 DAGs
[2025-12-29T16:38:31.336+0000] {logging_mixin.py:188} INFO - [2025-12-29T16:38:31.336+0000] {dag.py:3058} INFO - Creating ORM DAG for rq4_fairness_pipeline
[2025-12-29T16:38:31.338+0000] {logging_mixin.py:188} INFO - [2025-12-29T16:38:31.338+0000] {dag.py:3823} INFO - Setting next_dagrun for rq4_fairness_pipeline to None, run_after=None
[2025-12-29T16:38:31.361+0000] {processor.py:183} INFO - Processing /opt/airflow/dags/rq4_fairness_dag.py took 0.339 seconds
[2025-12-29T16:39:01.811+0000] {processor.py:161} INFO - Started process (PID=3026) to work on /opt/airflow/dags/rq4_fairness_dag.py
[2025-12-29T16:39:01.814+0000] {processor.py:830} INFO - Processing file /opt/airflow/dags/rq4_fairness_dag.py for tasks to queue
[2025-12-29T16:39:01.815+0000] {logging_mixin.py:188} INFO - [2025-12-29T16:39:01.815+0000] {dagbag.py:538} INFO - Filling up the DagBag from /opt/airflow/dags/rq4_fairness_dag.py
[2025-12-29T16:39:01.844+0000] {processor.py:840} INFO - DAG(s) 'rq4_fairness_pipeline' retrieved from /opt/airflow/dags/rq4_fairness_dag.py
[2025-12-29T16:39:01.885+0000] {logging_mixin.py:188} INFO - [2025-12-29T16:39:01.885+0000] {dag.py:3036} INFO - Sync 1 DAGs
[2025-12-29T16:39:01.901+0000] {logging_mixin.py:188} INFO - [2025-12-29T16:39:01.900+0000] {dag.py:3823} INFO - Setting next_dagrun for rq4_fairness_pipeline to None, run_after=None
[2025-12-29T16:39:01.926+0000] {processor.py:183} INFO - Processing /opt/airflow/dags/rq4_fairness_dag.py took 0.120 seconds
[2025-12-29T16:39:32.417+0000] {processor.py:161} INFO - Started process (PID=3046) to work on /opt/airflow/dags/rq4_fairness_dag.py
[2025-12-29T16:39:32.419+0000] {processor.py:830} INFO - Processing file /opt/airflow/dags/rq4_fairness_dag.py for tasks to queue
[2025-12-29T16:39:32.421+0000] {logging_mixin.py:188} INFO - [2025-12-29T16:39:32.420+0000] {dagbag.py:538} INFO - Filling up the DagBag from /opt/airflow/dags/rq4_fairness_dag.py
[2025-12-29T16:39:32.448+0000] {processor.py:840} INFO - DAG(s) 'rq4_fairness_pipeline' retrieved from /opt/airflow/dags/rq4_fairness_dag.py
[2025-12-29T16:39:32.489+0000] {logging_mixin.py:188} INFO - [2025-12-29T16:39:32.488+0000] {dag.py:3036} INFO - Sync 1 DAGs
[2025-12-29T16:39:32.505+0000] {logging_mixin.py:188} INFO - [2025-12-29T16:39:32.505+0000] {dag.py:3823} INFO - Setting next_dagrun for rq4_fairness_pipeline to None, run_after=None
[2025-12-29T16:39:32.531+0000] {processor.py:183} INFO - Processing /opt/airflow/dags/rq4_fairness_dag.py took 0.120 seconds
[2025-12-29T16:40:02.921+0000] {processor.py:161} INFO - Started process (PID=3066) to work on /opt/airflow/dags/rq4_fairness_dag.py
[2025-12-29T16:40:02.922+0000] {processor.py:830} INFO - Processing file /opt/airflow/dags/rq4_fairness_dag.py for tasks to queue
[2025-12-29T16:40:02.923+0000] {logging_mixin.py:188} INFO - [2025-12-29T16:40:02.923+0000] {dagbag.py:538} INFO - Filling up the DagBag from /opt/airflow/dags/rq4_fairness_dag.py
[2025-12-29T16:40:02.957+0000] {processor.py:840} INFO - DAG(s) 'rq4_fairness_pipeline' retrieved from /opt/airflow/dags/rq4_fairness_dag.py
[2025-12-29T16:40:03.017+0000] {logging_mixin.py:188} INFO - [2025-12-29T16:40:03.016+0000] {dag.py:3036} INFO - Sync 1 DAGs
[2025-12-29T16:40:03.046+0000] {logging_mixin.py:188} INFO - [2025-12-29T16:40:03.045+0000] {dag.py:3823} INFO - Setting next_dagrun for rq4_fairness_pipeline to None, run_after=None
[2025-12-29T16:40:03.086+0000] {processor.py:183} INFO - Processing /opt/airflow/dags/rq4_fairness_dag.py took 0.171 seconds
[2025-12-29T16:40:33.472+0000] {processor.py:161} INFO - Started process (PID=3086) to work on /opt/airflow/dags/rq4_fairness_dag.py
[2025-12-29T16:40:33.473+0000] {processor.py:830} INFO - Processing file /opt/airflow/dags/rq4_fairness_dag.py for tasks to queue
[2025-12-29T16:40:33.475+0000] {logging_mixin.py:188} INFO - [2025-12-29T16:40:33.474+0000] {dagbag.py:538} INFO - Filling up the DagBag from /opt/airflow/dags/rq4_fairness_dag.py
[2025-12-29T16:40:33.504+0000] {processor.py:840} INFO - DAG(s) 'rq4_fairness_pipeline' retrieved from /opt/airflow/dags/rq4_fairness_dag.py
[2025-12-29T16:40:33.546+0000] {logging_mixin.py:188} INFO - [2025-12-29T16:40:33.546+0000] {dag.py:3036} INFO - Sync 1 DAGs
[2025-12-29T16:40:33.563+0000] {logging_mixin.py:188} INFO - [2025-12-29T16:40:33.563+0000] {dag.py:3823} INFO - Setting next_dagrun for rq4_fairness_pipeline to None, run_after=None
[2025-12-29T16:40:33.588+0000] {processor.py:183} INFO - Processing /opt/airflow/dags/rq4_fairness_dag.py took 0.121 seconds
[2025-12-29T16:41:04.103+0000] {processor.py:161} INFO - Started process (PID=3106) to work on /opt/airflow/dags/rq4_fairness_dag.py
[2025-12-29T16:41:04.105+0000] {processor.py:830} INFO - Processing file /opt/airflow/dags/rq4_fairness_dag.py for tasks to queue
[2025-12-29T16:41:04.107+0000] {logging_mixin.py:188} INFO - [2025-12-29T16:41:04.107+0000] {dagbag.py:538} INFO - Filling up the DagBag from /opt/airflow/dags/rq4_fairness_dag.py
[2025-12-29T16:41:04.139+0000] {processor.py:840} INFO - DAG(s) 'rq4_fairness_pipeline' retrieved from /opt/airflow/dags/rq4_fairness_dag.py
[2025-12-29T16:41:04.180+0000] {logging_mixin.py:188} INFO - [2025-12-29T16:41:04.180+0000] {dag.py:3036} INFO - Sync 1 DAGs
[2025-12-29T16:41:04.196+0000] {logging_mixin.py:188} INFO - [2025-12-29T16:41:04.196+0000] {dag.py:3823} INFO - Setting next_dagrun for rq4_fairness_pipeline to None, run_after=None
[2025-12-29T16:41:04.221+0000] {processor.py:183} INFO - Processing /opt/airflow/dags/rq4_fairness_dag.py took 0.125 seconds
[2025-12-29T16:41:34.713+0000] {processor.py:161} INFO - Started process (PID=3126) to work on /opt/airflow/dags/rq4_fairness_dag.py
[2025-12-29T16:41:34.714+0000] {processor.py:830} INFO - Processing file /opt/airflow/dags/rq4_fairness_dag.py for tasks to queue
[2025-12-29T16:41:34.717+0000] {logging_mixin.py:188} INFO - [2025-12-29T16:41:34.716+0000] {dagbag.py:538} INFO - Filling up the DagBag from /opt/airflow/dags/rq4_fairness_dag.py
[2025-12-29T16:41:34.745+0000] {processor.py:840} INFO - DAG(s) 'rq4_fairness_pipeline' retrieved from /opt/airflow/dags/rq4_fairness_dag.py
[2025-12-29T16:41:34.786+0000] {logging_mixin.py:188} INFO - [2025-12-29T16:41:34.785+0000] {dag.py:3036} INFO - Sync 1 DAGs
[2025-12-29T16:41:34.802+0000] {logging_mixin.py:188} INFO - [2025-12-29T16:41:34.802+0000] {dag.py:3823} INFO - Setting next_dagrun for rq4_fairness_pipeline to None, run_after=None
[2025-12-29T16:41:34.827+0000] {processor.py:183} INFO - Processing /opt/airflow/dags/rq4_fairness_dag.py took 0.121 seconds
[2025-12-29T16:42:05.177+0000] {processor.py:161} INFO - Started process (PID=3146) to work on /opt/airflow/dags/rq4_fairness_dag.py
[2025-12-29T16:42:05.179+0000] {processor.py:830} INFO - Processing file /opt/airflow/dags/rq4_fairness_dag.py for tasks to queue
[2025-12-29T16:42:05.180+0000] {logging_mixin.py:188} INFO - [2025-12-29T16:42:05.180+0000] {dagbag.py:538} INFO - Filling up the DagBag from /opt/airflow/dags/rq4_fairness_dag.py
[2025-12-29T16:42:05.211+0000] {processor.py:840} INFO - DAG(s) 'rq4_fairness_pipeline' retrieved from /opt/airflow/dags/rq4_fairness_dag.py
[2025-12-29T16:42:05.254+0000] {logging_mixin.py:188} INFO - [2025-12-29T16:42:05.254+0000] {dag.py:3036} INFO - Sync 1 DAGs
[2025-12-29T16:42:05.270+0000] {logging_mixin.py:188} INFO - [2025-12-29T16:42:05.270+0000] {dag.py:3823} INFO - Setting next_dagrun for rq4_fairness_pipeline to None, run_after=None
[2025-12-29T16:42:05.299+0000] {processor.py:183} INFO - Processing /opt/airflow/dags/rq4_fairness_dag.py took 0.126 seconds
[2025-12-29T16:42:08.385+0000] {processor.py:161} INFO - Started process (PID=3156) to work on /opt/airflow/dags/rq4_fairness_dag.py
[2025-12-29T16:42:08.386+0000] {processor.py:830} INFO - Processing file /opt/airflow/dags/rq4_fairness_dag.py for tasks to queue
[2025-12-29T16:42:08.387+0000] {logging_mixin.py:188} INFO - [2025-12-29T16:42:08.387+0000] {dagbag.py:538} INFO - Filling up the DagBag from /opt/airflow/dags/rq4_fairness_dag.py
[2025-12-29T16:42:08.420+0000] {processor.py:840} INFO - DAG(s) 'rq4_fairness_pipeline' retrieved from /opt/airflow/dags/rq4_fairness_dag.py
[2025-12-29T16:42:08.557+0000] {logging_mixin.py:188} INFO - [2025-12-29T16:42:08.557+0000] {dag.py:3036} INFO - Sync 1 DAGs
[2025-12-29T16:42:08.571+0000] {logging_mixin.py:188} INFO - [2025-12-29T16:42:08.571+0000] {dag.py:3823} INFO - Setting next_dagrun for rq4_fairness_pipeline to None, run_after=None
[2025-12-29T16:42:08.604+0000] {processor.py:183} INFO - Processing /opt/airflow/dags/rq4_fairness_dag.py took 0.223 seconds
[2025-12-29T16:42:38.912+0000] {processor.py:161} INFO - Started process (PID=3176) to work on /opt/airflow/dags/rq4_fairness_dag.py
[2025-12-29T16:42:38.914+0000] {processor.py:830} INFO - Processing file /opt/airflow/dags/rq4_fairness_dag.py for tasks to queue
[2025-12-29T16:42:38.915+0000] {logging_mixin.py:188} INFO - [2025-12-29T16:42:38.915+0000] {dagbag.py:538} INFO - Filling up the DagBag from /opt/airflow/dags/rq4_fairness_dag.py
[2025-12-29T16:42:38.941+0000] {processor.py:840} INFO - DAG(s) 'rq4_fairness_pipeline' retrieved from /opt/airflow/dags/rq4_fairness_dag.py
[2025-12-29T16:42:38.978+0000] {logging_mixin.py:188} INFO - [2025-12-29T16:42:38.978+0000] {dag.py:3036} INFO - Sync 1 DAGs
[2025-12-29T16:42:38.994+0000] {logging_mixin.py:188} INFO - [2025-12-29T16:42:38.994+0000] {dag.py:3823} INFO - Setting next_dagrun for rq4_fairness_pipeline to None, run_after=None
[2025-12-29T16:42:39.018+0000] {processor.py:183} INFO - Processing /opt/airflow/dags/rq4_fairness_dag.py took 0.111 seconds
[2025-12-29T16:43:09.657+0000] {processor.py:161} INFO - Started process (PID=3196) to work on /opt/airflow/dags/rq4_fairness_dag.py
[2025-12-29T16:43:09.659+0000] {processor.py:830} INFO - Processing file /opt/airflow/dags/rq4_fairness_dag.py for tasks to queue
[2025-12-29T16:43:09.660+0000] {logging_mixin.py:188} INFO - [2025-12-29T16:43:09.660+0000] {dagbag.py:538} INFO - Filling up the DagBag from /opt/airflow/dags/rq4_fairness_dag.py
[2025-12-29T16:43:09.689+0000] {processor.py:840} INFO - DAG(s) 'rq4_fairness_pipeline' retrieved from /opt/airflow/dags/rq4_fairness_dag.py
[2025-12-29T16:43:09.729+0000] {logging_mixin.py:188} INFO - [2025-12-29T16:43:09.728+0000] {dag.py:3036} INFO - Sync 1 DAGs
[2025-12-29T16:43:09.745+0000] {logging_mixin.py:188} INFO - [2025-12-29T16:43:09.745+0000] {dag.py:3823} INFO - Setting next_dagrun for rq4_fairness_pipeline to None, run_after=None
[2025-12-29T16:43:09.773+0000] {processor.py:183} INFO - Processing /opt/airflow/dags/rq4_fairness_dag.py took 0.122 seconds
[2025-12-29T16:43:39.930+0000] {processor.py:161} INFO - Started process (PID=3216) to work on /opt/airflow/dags/rq4_fairness_dag.py
[2025-12-29T16:43:39.932+0000] {processor.py:830} INFO - Processing file /opt/airflow/dags/rq4_fairness_dag.py for tasks to queue
[2025-12-29T16:43:39.933+0000] {logging_mixin.py:188} INFO - [2025-12-29T16:43:39.933+0000] {dagbag.py:538} INFO - Filling up the DagBag from /opt/airflow/dags/rq4_fairness_dag.py
[2025-12-29T16:43:39.958+0000] {processor.py:840} INFO - DAG(s) 'rq4_fairness_pipeline' retrieved from /opt/airflow/dags/rq4_fairness_dag.py
[2025-12-29T16:43:39.998+0000] {logging_mixin.py:188} INFO - [2025-12-29T16:43:39.997+0000] {dag.py:3036} INFO - Sync 1 DAGs
[2025-12-29T16:43:40.013+0000] {logging_mixin.py:188} INFO - [2025-12-29T16:43:40.012+0000] {dag.py:3823} INFO - Setting next_dagrun for rq4_fairness_pipeline to None, run_after=None
[2025-12-29T16:43:40.037+0000] {processor.py:183} INFO - Processing /opt/airflow/dags/rq4_fairness_dag.py took 0.111 seconds
[2025-12-29T16:44:10.584+0000] {processor.py:161} INFO - Started process (PID=3236) to work on /opt/airflow/dags/rq4_fairness_dag.py
[2025-12-29T16:44:10.585+0000] {processor.py:830} INFO - Processing file /opt/airflow/dags/rq4_fairness_dag.py for tasks to queue
[2025-12-29T16:44:10.586+0000] {logging_mixin.py:188} INFO - [2025-12-29T16:44:10.586+0000] {dagbag.py:538} INFO - Filling up the DagBag from /opt/airflow/dags/rq4_fairness_dag.py
[2025-12-29T16:44:10.612+0000] {processor.py:840} INFO - DAG(s) 'rq4_fairness_pipeline' retrieved from /opt/airflow/dags/rq4_fairness_dag.py
[2025-12-29T16:44:10.650+0000] {logging_mixin.py:188} INFO - [2025-12-29T16:44:10.650+0000] {dag.py:3036} INFO - Sync 1 DAGs
[2025-12-29T16:44:10.666+0000] {logging_mixin.py:188} INFO - [2025-12-29T16:44:10.666+0000] {dag.py:3823} INFO - Setting next_dagrun for rq4_fairness_pipeline to None, run_after=None
[2025-12-29T16:44:10.689+0000] {processor.py:183} INFO - Processing /opt/airflow/dags/rq4_fairness_dag.py took 0.110 seconds
[2025-12-29T16:44:41.050+0000] {processor.py:161} INFO - Started process (PID=3256) to work on /opt/airflow/dags/rq4_fairness_dag.py
[2025-12-29T16:44:41.051+0000] {processor.py:830} INFO - Processing file /opt/airflow/dags/rq4_fairness_dag.py for tasks to queue
[2025-12-29T16:44:41.052+0000] {logging_mixin.py:188} INFO - [2025-12-29T16:44:41.052+0000] {dagbag.py:538} INFO - Filling up the DagBag from /opt/airflow/dags/rq4_fairness_dag.py
[2025-12-29T16:44:41.076+0000] {processor.py:840} INFO - DAG(s) 'rq4_fairness_pipeline' retrieved from /opt/airflow/dags/rq4_fairness_dag.py
[2025-12-29T16:44:41.111+0000] {logging_mixin.py:188} INFO - [2025-12-29T16:44:41.111+0000] {dag.py:3036} INFO - Sync 1 DAGs
[2025-12-29T16:44:41.126+0000] {logging_mixin.py:188} INFO - [2025-12-29T16:44:41.126+0000] {dag.py:3823} INFO - Setting next_dagrun for rq4_fairness_pipeline to None, run_after=None
[2025-12-29T16:44:41.153+0000] {processor.py:183} INFO - Processing /opt/airflow/dags/rq4_fairness_dag.py took 0.107 seconds
[2025-12-29T16:45:11.628+0000] {processor.py:161} INFO - Started process (PID=3276) to work on /opt/airflow/dags/rq4_fairness_dag.py
[2025-12-29T16:45:11.630+0000] {processor.py:830} INFO - Processing file /opt/airflow/dags/rq4_fairness_dag.py for tasks to queue
[2025-12-29T16:45:11.631+0000] {logging_mixin.py:188} INFO - [2025-12-29T16:45:11.631+0000] {dagbag.py:538} INFO - Filling up the DagBag from /opt/airflow/dags/rq4_fairness_dag.py
[2025-12-29T16:45:11.654+0000] {processor.py:840} INFO - DAG(s) 'rq4_fairness_pipeline' retrieved from /opt/airflow/dags/rq4_fairness_dag.py
[2025-12-29T16:45:11.693+0000] {logging_mixin.py:188} INFO - [2025-12-29T16:45:11.693+0000] {dag.py:3036} INFO - Sync 1 DAGs
[2025-12-29T16:45:11.708+0000] {logging_mixin.py:188} INFO - [2025-12-29T16:45:11.708+0000] {dag.py:3823} INFO - Setting next_dagrun for rq4_fairness_pipeline to None, run_after=None
[2025-12-29T16:45:11.733+0000] {processor.py:183} INFO - Processing /opt/airflow/dags/rq4_fairness_dag.py took 0.109 seconds
[2025-12-29T16:45:42.214+0000] {processor.py:161} INFO - Started process (PID=3296) to work on /opt/airflow/dags/rq4_fairness_dag.py
[2025-12-29T16:45:42.216+0000] {processor.py:830} INFO - Processing file /opt/airflow/dags/rq4_fairness_dag.py for tasks to queue
[2025-12-29T16:45:42.217+0000] {logging_mixin.py:188} INFO - [2025-12-29T16:45:42.217+0000] {dagbag.py:538} INFO - Filling up the DagBag from /opt/airflow/dags/rq4_fairness_dag.py
[2025-12-29T16:45:42.239+0000] {processor.py:840} INFO - DAG(s) 'rq4_fairness_pipeline' retrieved from /opt/airflow/dags/rq4_fairness_dag.py
[2025-12-29T16:45:42.277+0000] {logging_mixin.py:188} INFO - [2025-12-29T16:45:42.277+0000] {dag.py:3036} INFO - Sync 1 DAGs
[2025-12-29T16:45:42.292+0000] {logging_mixin.py:188} INFO - [2025-12-29T16:45:42.292+0000] {dag.py:3823} INFO - Setting next_dagrun for rq4_fairness_pipeline to None, run_after=None
[2025-12-29T16:45:42.317+0000] {processor.py:183} INFO - Processing /opt/airflow/dags/rq4_fairness_dag.py took 0.107 seconds
[2025-12-29T16:46:12.769+0000] {processor.py:161} INFO - Started process (PID=3316) to work on /opt/airflow/dags/rq4_fairness_dag.py
[2025-12-29T16:46:12.771+0000] {processor.py:830} INFO - Processing file /opt/airflow/dags/rq4_fairness_dag.py for tasks to queue
[2025-12-29T16:46:12.772+0000] {logging_mixin.py:188} INFO - [2025-12-29T16:46:12.771+0000] {dagbag.py:538} INFO - Filling up the DagBag from /opt/airflow/dags/rq4_fairness_dag.py
[2025-12-29T16:46:12.795+0000] {processor.py:840} INFO - DAG(s) 'rq4_fairness_pipeline' retrieved from /opt/airflow/dags/rq4_fairness_dag.py
[2025-12-29T16:46:12.829+0000] {logging_mixin.py:188} INFO - [2025-12-29T16:46:12.829+0000] {dag.py:3036} INFO - Sync 1 DAGs
[2025-12-29T16:46:12.844+0000] {logging_mixin.py:188} INFO - [2025-12-29T16:46:12.843+0000] {dag.py:3823} INFO - Setting next_dagrun for rq4_fairness_pipeline to None, run_after=None
[2025-12-29T16:46:12.867+0000] {processor.py:183} INFO - Processing /opt/airflow/dags/rq4_fairness_dag.py took 0.102 seconds
[2025-12-29T16:46:43.255+0000] {processor.py:161} INFO - Started process (PID=3336) to work on /opt/airflow/dags/rq4_fairness_dag.py
[2025-12-29T16:46:43.256+0000] {processor.py:830} INFO - Processing file /opt/airflow/dags/rq4_fairness_dag.py for tasks to queue
[2025-12-29T16:46:43.257+0000] {logging_mixin.py:188} INFO - [2025-12-29T16:46:43.257+0000] {dagbag.py:538} INFO - Filling up the DagBag from /opt/airflow/dags/rq4_fairness_dag.py
[2025-12-29T16:46:43.282+0000] {processor.py:840} INFO - DAG(s) 'rq4_fairness_pipeline' retrieved from /opt/airflow/dags/rq4_fairness_dag.py
[2025-12-29T16:46:43.320+0000] {logging_mixin.py:188} INFO - [2025-12-29T16:46:43.319+0000] {dag.py:3036} INFO - Sync 1 DAGs
[2025-12-29T16:46:43.335+0000] {logging_mixin.py:188} INFO - [2025-12-29T16:46:43.335+0000] {dag.py:3823} INFO - Setting next_dagrun for rq4_fairness_pipeline to None, run_after=None
[2025-12-29T16:46:43.358+0000] {processor.py:183} INFO - Processing /opt/airflow/dags/rq4_fairness_dag.py took 0.107 seconds
[2025-12-29T16:47:13.796+0000] {processor.py:161} INFO - Started process (PID=3356) to work on /opt/airflow/dags/rq4_fairness_dag.py
[2025-12-29T16:47:13.798+0000] {processor.py:830} INFO - Processing file /opt/airflow/dags/rq4_fairness_dag.py for tasks to queue
[2025-12-29T16:47:13.799+0000] {logging_mixin.py:188} INFO - [2025-12-29T16:47:13.799+0000] {dagbag.py:538} INFO - Filling up the DagBag from /opt/airflow/dags/rq4_fairness_dag.py
[2025-12-29T16:47:13.824+0000] {processor.py:840} INFO - DAG(s) 'rq4_fairness_pipeline' retrieved from /opt/airflow/dags/rq4_fairness_dag.py
[2025-12-29T16:47:13.863+0000] {logging_mixin.py:188} INFO - [2025-12-29T16:47:13.863+0000] {dag.py:3036} INFO - Sync 1 DAGs
[2025-12-29T16:47:13.878+0000] {logging_mixin.py:188} INFO - [2025-12-29T16:47:13.878+0000] {dag.py:3823} INFO - Setting next_dagrun for rq4_fairness_pipeline to None, run_after=None
[2025-12-29T16:47:13.903+0000] {processor.py:183} INFO - Processing /opt/airflow/dags/rq4_fairness_dag.py took 0.111 seconds
[2025-12-29T16:47:44.375+0000] {processor.py:161} INFO - Started process (PID=3376) to work on /opt/airflow/dags/rq4_fairness_dag.py
[2025-12-29T16:47:44.376+0000] {processor.py:830} INFO - Processing file /opt/airflow/dags/rq4_fairness_dag.py for tasks to queue
[2025-12-29T16:47:44.378+0000] {logging_mixin.py:188} INFO - [2025-12-29T16:47:44.377+0000] {dagbag.py:538} INFO - Filling up the DagBag from /opt/airflow/dags/rq4_fairness_dag.py
[2025-12-29T16:47:44.401+0000] {processor.py:840} INFO - DAG(s) 'rq4_fairness_pipeline' retrieved from /opt/airflow/dags/rq4_fairness_dag.py
[2025-12-29T16:47:44.443+0000] {logging_mixin.py:188} INFO - [2025-12-29T16:47:44.443+0000] {dag.py:3036} INFO - Sync 1 DAGs
[2025-12-29T16:47:44.459+0000] {logging_mixin.py:188} INFO - [2025-12-29T16:47:44.458+0000] {dag.py:3823} INFO - Setting next_dagrun for rq4_fairness_pipeline to None, run_after=None
[2025-12-29T16:47:44.486+0000] {processor.py:183} INFO - Processing /opt/airflow/dags/rq4_fairness_dag.py took 0.115 seconds
[2025-12-29T16:48:14.947+0000] {processor.py:161} INFO - Started process (PID=3396) to work on /opt/airflow/dags/rq4_fairness_dag.py
[2025-12-29T16:48:14.948+0000] {processor.py:830} INFO - Processing file /opt/airflow/dags/rq4_fairness_dag.py for tasks to queue
[2025-12-29T16:48:14.949+0000] {logging_mixin.py:188} INFO - [2025-12-29T16:48:14.949+0000] {dagbag.py:538} INFO - Filling up the DagBag from /opt/airflow/dags/rq4_fairness_dag.py
[2025-12-29T16:48:14.973+0000] {processor.py:840} INFO - DAG(s) 'rq4_fairness_pipeline' retrieved from /opt/airflow/dags/rq4_fairness_dag.py
[2025-12-29T16:48:15.009+0000] {logging_mixin.py:188} INFO - [2025-12-29T16:48:15.009+0000] {dag.py:3036} INFO - Sync 1 DAGs
[2025-12-29T16:48:15.025+0000] {logging_mixin.py:188} INFO - [2025-12-29T16:48:15.024+0000] {dag.py:3823} INFO - Setting next_dagrun for rq4_fairness_pipeline to None, run_after=None
[2025-12-29T16:48:15.050+0000] {processor.py:183} INFO - Processing /opt/airflow/dags/rq4_fairness_dag.py took 0.106 seconds
[2025-12-29T16:48:45.495+0000] {processor.py:161} INFO - Started process (PID=3416) to work on /opt/airflow/dags/rq4_fairness_dag.py
[2025-12-29T16:48:45.496+0000] {processor.py:830} INFO - Processing file /opt/airflow/dags/rq4_fairness_dag.py for tasks to queue
[2025-12-29T16:48:45.497+0000] {logging_mixin.py:188} INFO - [2025-12-29T16:48:45.497+0000] {dagbag.py:538} INFO - Filling up the DagBag from /opt/airflow/dags/rq4_fairness_dag.py
[2025-12-29T16:48:45.523+0000] {processor.py:840} INFO - DAG(s) 'rq4_fairness_pipeline' retrieved from /opt/airflow/dags/rq4_fairness_dag.py
[2025-12-29T16:48:45.561+0000] {logging_mixin.py:188} INFO - [2025-12-29T16:48:45.561+0000] {dag.py:3036} INFO - Sync 1 DAGs
[2025-12-29T16:48:45.576+0000] {logging_mixin.py:188} INFO - [2025-12-29T16:48:45.576+0000] {dag.py:3823} INFO - Setting next_dagrun for rq4_fairness_pipeline to None, run_after=None
[2025-12-29T16:48:45.599+0000] {processor.py:183} INFO - Processing /opt/airflow/dags/rq4_fairness_dag.py took 0.108 seconds
[2025-12-29T16:49:16.092+0000] {processor.py:161} INFO - Started process (PID=3436) to work on /opt/airflow/dags/rq4_fairness_dag.py
[2025-12-29T16:49:16.093+0000] {processor.py:830} INFO - Processing file /opt/airflow/dags/rq4_fairness_dag.py for tasks to queue
[2025-12-29T16:49:16.095+0000] {logging_mixin.py:188} INFO - [2025-12-29T16:49:16.094+0000] {dagbag.py:538} INFO - Filling up the DagBag from /opt/airflow/dags/rq4_fairness_dag.py
[2025-12-29T16:49:16.120+0000] {processor.py:840} INFO - DAG(s) 'rq4_fairness_pipeline' retrieved from /opt/airflow/dags/rq4_fairness_dag.py
[2025-12-29T16:49:16.158+0000] {logging_mixin.py:188} INFO - [2025-12-29T16:49:16.158+0000] {dag.py:3036} INFO - Sync 1 DAGs
[2025-12-29T16:49:16.173+0000] {logging_mixin.py:188} INFO - [2025-12-29T16:49:16.173+0000] {dag.py:3823} INFO - Setting next_dagrun for rq4_fairness_pipeline to None, run_after=None
[2025-12-29T16:49:16.197+0000] {processor.py:183} INFO - Processing /opt/airflow/dags/rq4_fairness_dag.py took 0.110 seconds
[2025-12-29T16:49:46.681+0000] {processor.py:161} INFO - Started process (PID=3456) to work on /opt/airflow/dags/rq4_fairness_dag.py
[2025-12-29T16:49:46.682+0000] {processor.py:830} INFO - Processing file /opt/airflow/dags/rq4_fairness_dag.py for tasks to queue
[2025-12-29T16:49:46.684+0000] {logging_mixin.py:188} INFO - [2025-12-29T16:49:46.683+0000] {dagbag.py:538} INFO - Filling up the DagBag from /opt/airflow/dags/rq4_fairness_dag.py
[2025-12-29T16:49:46.707+0000] {processor.py:840} INFO - DAG(s) 'rq4_fairness_pipeline' retrieved from /opt/airflow/dags/rq4_fairness_dag.py
[2025-12-29T16:49:46.745+0000] {logging_mixin.py:188} INFO - [2025-12-29T16:49:46.745+0000] {dag.py:3036} INFO - Sync 1 DAGs
[2025-12-29T16:49:46.761+0000] {logging_mixin.py:188} INFO - [2025-12-29T16:49:46.760+0000] {dag.py:3823} INFO - Setting next_dagrun for rq4_fairness_pipeline to None, run_after=None
[2025-12-29T16:49:46.787+0000] {processor.py:183} INFO - Processing /opt/airflow/dags/rq4_fairness_dag.py took 0.110 seconds
[2025-12-29T16:50:17.267+0000] {processor.py:161} INFO - Started process (PID=3476) to work on /opt/airflow/dags/rq4_fairness_dag.py
[2025-12-29T16:50:17.268+0000] {processor.py:830} INFO - Processing file /opt/airflow/dags/rq4_fairness_dag.py for tasks to queue
[2025-12-29T16:50:17.270+0000] {logging_mixin.py:188} INFO - [2025-12-29T16:50:17.269+0000] {dagbag.py:538} INFO - Filling up the DagBag from /opt/airflow/dags/rq4_fairness_dag.py
[2025-12-29T16:50:17.295+0000] {processor.py:840} INFO - DAG(s) 'rq4_fairness_pipeline' retrieved from /opt/airflow/dags/rq4_fairness_dag.py
[2025-12-29T16:50:17.332+0000] {logging_mixin.py:188} INFO - [2025-12-29T16:50:17.332+0000] {dag.py:3036} INFO - Sync 1 DAGs
[2025-12-29T16:50:17.348+0000] {logging_mixin.py:188} INFO - [2025-12-29T16:50:17.347+0000] {dag.py:3823} INFO - Setting next_dagrun for rq4_fairness_pipeline to None, run_after=None
[2025-12-29T16:50:17.373+0000] {processor.py:183} INFO - Processing /opt/airflow/dags/rq4_fairness_dag.py took 0.110 seconds
[2025-12-29T16:50:47.835+0000] {processor.py:161} INFO - Started process (PID=3496) to work on /opt/airflow/dags/rq4_fairness_dag.py
[2025-12-29T16:50:47.837+0000] {processor.py:830} INFO - Processing file /opt/airflow/dags/rq4_fairness_dag.py for tasks to queue
[2025-12-29T16:50:47.838+0000] {logging_mixin.py:188} INFO - [2025-12-29T16:50:47.838+0000] {dagbag.py:538} INFO - Filling up the DagBag from /opt/airflow/dags/rq4_fairness_dag.py
[2025-12-29T16:50:47.865+0000] {processor.py:840} INFO - DAG(s) 'rq4_fairness_pipeline' retrieved from /opt/airflow/dags/rq4_fairness_dag.py
[2025-12-29T16:50:47.905+0000] {logging_mixin.py:188} INFO - [2025-12-29T16:50:47.905+0000] {dag.py:3036} INFO - Sync 1 DAGs
[2025-12-29T16:50:47.921+0000] {logging_mixin.py:188} INFO - [2025-12-29T16:50:47.921+0000] {dag.py:3823} INFO - Setting next_dagrun for rq4_fairness_pipeline to None, run_after=None
[2025-12-29T16:50:47.946+0000] {processor.py:183} INFO - Processing /opt/airflow/dags/rq4_fairness_dag.py took 0.115 seconds
[2025-12-29T16:51:18.418+0000] {processor.py:161} INFO - Started process (PID=3516) to work on /opt/airflow/dags/rq4_fairness_dag.py
[2025-12-29T16:51:18.419+0000] {processor.py:830} INFO - Processing file /opt/airflow/dags/rq4_fairness_dag.py for tasks to queue
[2025-12-29T16:51:18.420+0000] {logging_mixin.py:188} INFO - [2025-12-29T16:51:18.420+0000] {dagbag.py:538} INFO - Filling up the DagBag from /opt/airflow/dags/rq4_fairness_dag.py
[2025-12-29T16:51:18.444+0000] {processor.py:840} INFO - DAG(s) 'rq4_fairness_pipeline' retrieved from /opt/airflow/dags/rq4_fairness_dag.py
[2025-12-29T16:51:18.482+0000] {logging_mixin.py:188} INFO - [2025-12-29T16:51:18.482+0000] {dag.py:3036} INFO - Sync 1 DAGs
[2025-12-29T16:51:18.497+0000] {logging_mixin.py:188} INFO - [2025-12-29T16:51:18.497+0000] {dag.py:3823} INFO - Setting next_dagrun for rq4_fairness_pipeline to None, run_after=None
[2025-12-29T16:51:18.523+0000] {processor.py:183} INFO - Processing /opt/airflow/dags/rq4_fairness_dag.py took 0.109 seconds
[2025-12-29T16:51:48.968+0000] {processor.py:161} INFO - Started process (PID=3536) to work on /opt/airflow/dags/rq4_fairness_dag.py
[2025-12-29T16:51:48.969+0000] {processor.py:830} INFO - Processing file /opt/airflow/dags/rq4_fairness_dag.py for tasks to queue
[2025-12-29T16:51:48.971+0000] {logging_mixin.py:188} INFO - [2025-12-29T16:51:48.970+0000] {dagbag.py:538} INFO - Filling up the DagBag from /opt/airflow/dags/rq4_fairness_dag.py
[2025-12-29T16:51:48.993+0000] {processor.py:840} INFO - DAG(s) 'rq4_fairness_pipeline' retrieved from /opt/airflow/dags/rq4_fairness_dag.py
[2025-12-29T16:51:49.026+0000] {logging_mixin.py:188} INFO - [2025-12-29T16:51:49.026+0000] {dag.py:3036} INFO - Sync 1 DAGs
[2025-12-29T16:51:49.042+0000] {logging_mixin.py:188} INFO - [2025-12-29T16:51:49.042+0000] {dag.py:3823} INFO - Setting next_dagrun for rq4_fairness_pipeline to None, run_after=None
[2025-12-29T16:51:49.065+0000] {processor.py:183} INFO - Processing /opt/airflow/dags/rq4_fairness_dag.py took 0.101 seconds
[2025-12-29T16:52:19.446+0000] {processor.py:161} INFO - Started process (PID=3556) to work on /opt/airflow/dags/rq4_fairness_dag.py
[2025-12-29T16:52:19.448+0000] {processor.py:830} INFO - Processing file /opt/airflow/dags/rq4_fairness_dag.py for tasks to queue
[2025-12-29T16:52:19.450+0000] {logging_mixin.py:188} INFO - [2025-12-29T16:52:19.449+0000] {dagbag.py:538} INFO - Filling up the DagBag from /opt/airflow/dags/rq4_fairness_dag.py
[2025-12-29T16:52:19.474+0000] {processor.py:840} INFO - DAG(s) 'rq4_fairness_pipeline' retrieved from /opt/airflow/dags/rq4_fairness_dag.py
[2025-12-29T16:52:19.510+0000] {logging_mixin.py:188} INFO - [2025-12-29T16:52:19.509+0000] {dag.py:3036} INFO - Sync 1 DAGs
[2025-12-29T16:52:19.525+0000] {logging_mixin.py:188} INFO - [2025-12-29T16:52:19.525+0000] {dag.py:3823} INFO - Setting next_dagrun for rq4_fairness_pipeline to None, run_after=None
[2025-12-29T16:52:19.550+0000] {processor.py:183} INFO - Processing /opt/airflow/dags/rq4_fairness_dag.py took 0.109 seconds
[2025-12-29T16:52:50.040+0000] {processor.py:161} INFO - Started process (PID=3576) to work on /opt/airflow/dags/rq4_fairness_dag.py
[2025-12-29T16:52:50.041+0000] {processor.py:830} INFO - Processing file /opt/airflow/dags/rq4_fairness_dag.py for tasks to queue
[2025-12-29T16:52:50.042+0000] {logging_mixin.py:188} INFO - [2025-12-29T16:52:50.042+0000] {dagbag.py:538} INFO - Filling up the DagBag from /opt/airflow/dags/rq4_fairness_dag.py
[2025-12-29T16:52:50.065+0000] {processor.py:840} INFO - DAG(s) 'rq4_fairness_pipeline' retrieved from /opt/airflow/dags/rq4_fairness_dag.py
[2025-12-29T16:52:50.103+0000] {logging_mixin.py:188} INFO - [2025-12-29T16:52:50.103+0000] {dag.py:3036} INFO - Sync 1 DAGs
[2025-12-29T16:52:50.119+0000] {logging_mixin.py:188} INFO - [2025-12-29T16:52:50.119+0000] {dag.py:3823} INFO - Setting next_dagrun for rq4_fairness_pipeline to None, run_after=None
[2025-12-29T16:52:50.144+0000] {processor.py:183} INFO - Processing /opt/airflow/dags/rq4_fairness_dag.py took 0.108 seconds
[2025-12-29T16:53:20.659+0000] {processor.py:161} INFO - Started process (PID=3596) to work on /opt/airflow/dags/rq4_fairness_dag.py
[2025-12-29T16:53:20.662+0000] {processor.py:830} INFO - Processing file /opt/airflow/dags/rq4_fairness_dag.py for tasks to queue
[2025-12-29T16:53:20.664+0000] {logging_mixin.py:188} INFO - [2025-12-29T16:53:20.664+0000] {dagbag.py:538} INFO - Filling up the DagBag from /opt/airflow/dags/rq4_fairness_dag.py
[2025-12-29T16:53:20.710+0000] {processor.py:840} INFO - DAG(s) 'rq4_fairness_pipeline' retrieved from /opt/airflow/dags/rq4_fairness_dag.py
[2025-12-29T16:53:20.763+0000] {logging_mixin.py:188} INFO - [2025-12-29T16:53:20.763+0000] {dag.py:3036} INFO - Sync 1 DAGs
[2025-12-29T16:53:20.784+0000] {logging_mixin.py:188} INFO - [2025-12-29T16:53:20.783+0000] {dag.py:3823} INFO - Setting next_dagrun for rq4_fairness_pipeline to None, run_after=None
[2025-12-29T16:53:20.805+0000] {processor.py:183} INFO - Processing /opt/airflow/dags/rq4_fairness_dag.py took 0.156 seconds
[2025-12-29T16:53:51.284+0000] {processor.py:161} INFO - Started process (PID=3616) to work on /opt/airflow/dags/rq4_fairness_dag.py
[2025-12-29T16:53:51.286+0000] {processor.py:830} INFO - Processing file /opt/airflow/dags/rq4_fairness_dag.py for tasks to queue
[2025-12-29T16:53:51.287+0000] {logging_mixin.py:188} INFO - [2025-12-29T16:53:51.286+0000] {dagbag.py:538} INFO - Filling up the DagBag from /opt/airflow/dags/rq4_fairness_dag.py
[2025-12-29T16:53:51.311+0000] {processor.py:840} INFO - DAG(s) 'rq4_fairness_pipeline' retrieved from /opt/airflow/dags/rq4_fairness_dag.py
[2025-12-29T16:53:51.350+0000] {logging_mixin.py:188} INFO - [2025-12-29T16:53:51.350+0000] {dag.py:3036} INFO - Sync 1 DAGs
[2025-12-29T16:53:51.365+0000] {logging_mixin.py:188} INFO - [2025-12-29T16:53:51.365+0000] {dag.py:3823} INFO - Setting next_dagrun for rq4_fairness_pipeline to None, run_after=None
[2025-12-29T16:53:51.389+0000] {processor.py:183} INFO - Processing /opt/airflow/dags/rq4_fairness_dag.py took 0.109 seconds
[2025-12-29T16:54:21.848+0000] {processor.py:161} INFO - Started process (PID=3636) to work on /opt/airflow/dags/rq4_fairness_dag.py
[2025-12-29T16:54:21.849+0000] {processor.py:830} INFO - Processing file /opt/airflow/dags/rq4_fairness_dag.py for tasks to queue
[2025-12-29T16:54:21.850+0000] {logging_mixin.py:188} INFO - [2025-12-29T16:54:21.850+0000] {dagbag.py:538} INFO - Filling up the DagBag from /opt/airflow/dags/rq4_fairness_dag.py
[2025-12-29T16:54:21.874+0000] {processor.py:840} INFO - DAG(s) 'rq4_fairness_pipeline' retrieved from /opt/airflow/dags/rq4_fairness_dag.py
[2025-12-29T16:54:21.912+0000] {logging_mixin.py:188} INFO - [2025-12-29T16:54:21.912+0000] {dag.py:3036} INFO - Sync 1 DAGs
[2025-12-29T16:54:21.928+0000] {logging_mixin.py:188} INFO - [2025-12-29T16:54:21.927+0000] {dag.py:3823} INFO - Setting next_dagrun for rq4_fairness_pipeline to None, run_after=None
[2025-12-29T16:54:21.952+0000] {processor.py:183} INFO - Processing /opt/airflow/dags/rq4_fairness_dag.py took 0.109 seconds
[2025-12-29T16:54:52.399+0000] {processor.py:161} INFO - Started process (PID=3656) to work on /opt/airflow/dags/rq4_fairness_dag.py
[2025-12-29T16:54:52.400+0000] {processor.py:830} INFO - Processing file /opt/airflow/dags/rq4_fairness_dag.py for tasks to queue
[2025-12-29T16:54:52.401+0000] {logging_mixin.py:188} INFO - [2025-12-29T16:54:52.401+0000] {dagbag.py:538} INFO - Filling up the DagBag from /opt/airflow/dags/rq4_fairness_dag.py
[2025-12-29T16:54:52.425+0000] {processor.py:840} INFO - DAG(s) 'rq4_fairness_pipeline' retrieved from /opt/airflow/dags/rq4_fairness_dag.py
[2025-12-29T16:54:52.459+0000] {logging_mixin.py:188} INFO - [2025-12-29T16:54:52.459+0000] {dag.py:3036} INFO - Sync 1 DAGs
[2025-12-29T16:54:52.475+0000] {logging_mixin.py:188} INFO - [2025-12-29T16:54:52.475+0000] {dag.py:3823} INFO - Setting next_dagrun for rq4_fairness_pipeline to None, run_after=None
[2025-12-29T16:54:52.499+0000] {processor.py:183} INFO - Processing /opt/airflow/dags/rq4_fairness_dag.py took 0.104 seconds
[2025-12-29T16:55:22.878+0000] {processor.py:161} INFO - Started process (PID=3676) to work on /opt/airflow/dags/rq4_fairness_dag.py
[2025-12-29T16:55:22.879+0000] {processor.py:830} INFO - Processing file /opt/airflow/dags/rq4_fairness_dag.py for tasks to queue
[2025-12-29T16:55:22.880+0000] {logging_mixin.py:188} INFO - [2025-12-29T16:55:22.880+0000] {dagbag.py:538} INFO - Filling up the DagBag from /opt/airflow/dags/rq4_fairness_dag.py
[2025-12-29T16:55:22.904+0000] {processor.py:840} INFO - DAG(s) 'rq4_fairness_pipeline' retrieved from /opt/airflow/dags/rq4_fairness_dag.py
[2025-12-29T16:55:22.943+0000] {logging_mixin.py:188} INFO - [2025-12-29T16:55:22.942+0000] {dag.py:3036} INFO - Sync 1 DAGs
[2025-12-29T16:55:22.958+0000] {logging_mixin.py:188} INFO - [2025-12-29T16:55:22.957+0000] {dag.py:3823} INFO - Setting next_dagrun for rq4_fairness_pipeline to None, run_after=None
[2025-12-29T16:55:22.981+0000] {processor.py:183} INFO - Processing /opt/airflow/dags/rq4_fairness_dag.py took 0.108 seconds
[2025-12-29T16:55:53.452+0000] {processor.py:161} INFO - Started process (PID=3696) to work on /opt/airflow/dags/rq4_fairness_dag.py
[2025-12-29T16:55:53.454+0000] {processor.py:830} INFO - Processing file /opt/airflow/dags/rq4_fairness_dag.py for tasks to queue
[2025-12-29T16:55:53.455+0000] {logging_mixin.py:188} INFO - [2025-12-29T16:55:53.455+0000] {dagbag.py:538} INFO - Filling up the DagBag from /opt/airflow/dags/rq4_fairness_dag.py
[2025-12-29T16:55:53.479+0000] {processor.py:840} INFO - DAG(s) 'rq4_fairness_pipeline' retrieved from /opt/airflow/dags/rq4_fairness_dag.py
[2025-12-29T16:55:53.511+0000] {logging_mixin.py:188} INFO - [2025-12-29T16:55:53.510+0000] {dag.py:3036} INFO - Sync 1 DAGs
[2025-12-29T16:55:53.524+0000] {logging_mixin.py:188} INFO - [2025-12-29T16:55:53.523+0000] {dag.py:3823} INFO - Setting next_dagrun for rq4_fairness_pipeline to None, run_after=None
[2025-12-29T16:55:53.547+0000] {processor.py:183} INFO - Processing /opt/airflow/dags/rq4_fairness_dag.py took 0.099 seconds
[2025-12-29T16:56:24.023+0000] {processor.py:161} INFO - Started process (PID=3716) to work on /opt/airflow/dags/rq4_fairness_dag.py
[2025-12-29T16:56:24.025+0000] {processor.py:830} INFO - Processing file /opt/airflow/dags/rq4_fairness_dag.py for tasks to queue
[2025-12-29T16:56:24.026+0000] {logging_mixin.py:188} INFO - [2025-12-29T16:56:24.026+0000] {dagbag.py:538} INFO - Filling up the DagBag from /opt/airflow/dags/rq4_fairness_dag.py
[2025-12-29T16:56:24.050+0000] {processor.py:840} INFO - DAG(s) 'rq4_fairness_pipeline' retrieved from /opt/airflow/dags/rq4_fairness_dag.py
[2025-12-29T16:56:24.091+0000] {logging_mixin.py:188} INFO - [2025-12-29T16:56:24.091+0000] {dag.py:3036} INFO - Sync 1 DAGs
[2025-12-29T16:56:24.107+0000] {logging_mixin.py:188} INFO - [2025-12-29T16:56:24.107+0000] {dag.py:3823} INFO - Setting next_dagrun for rq4_fairness_pipeline to None, run_after=None
[2025-12-29T16:56:24.132+0000] {processor.py:183} INFO - Processing /opt/airflow/dags/rq4_fairness_dag.py took 0.113 seconds
[2025-12-29T16:56:54.602+0000] {processor.py:161} INFO - Started process (PID=3736) to work on /opt/airflow/dags/rq4_fairness_dag.py
[2025-12-29T16:56:54.604+0000] {processor.py:830} INFO - Processing file /opt/airflow/dags/rq4_fairness_dag.py for tasks to queue
[2025-12-29T16:56:54.605+0000] {logging_mixin.py:188} INFO - [2025-12-29T16:56:54.605+0000] {dagbag.py:538} INFO - Filling up the DagBag from /opt/airflow/dags/rq4_fairness_dag.py
[2025-12-29T16:56:54.632+0000] {processor.py:840} INFO - DAG(s) 'rq4_fairness_pipeline' retrieved from /opt/airflow/dags/rq4_fairness_dag.py
[2025-12-29T16:56:54.672+0000] {logging_mixin.py:188} INFO - [2025-12-29T16:56:54.671+0000] {dag.py:3036} INFO - Sync 1 DAGs
[2025-12-29T16:56:54.688+0000] {logging_mixin.py:188} INFO - [2025-12-29T16:56:54.687+0000] {dag.py:3823} INFO - Setting next_dagrun for rq4_fairness_pipeline to None, run_after=None
[2025-12-29T16:56:54.714+0000] {processor.py:183} INFO - Processing /opt/airflow/dags/rq4_fairness_dag.py took 0.117 seconds
[2025-12-29T16:57:25.175+0000] {processor.py:161} INFO - Started process (PID=3756) to work on /opt/airflow/dags/rq4_fairness_dag.py
[2025-12-29T16:57:25.177+0000] {processor.py:830} INFO - Processing file /opt/airflow/dags/rq4_fairness_dag.py for tasks to queue
[2025-12-29T16:57:25.178+0000] {logging_mixin.py:188} INFO - [2025-12-29T16:57:25.178+0000] {dagbag.py:538} INFO - Filling up the DagBag from /opt/airflow/dags/rq4_fairness_dag.py
[2025-12-29T16:57:25.200+0000] {processor.py:840} INFO - DAG(s) 'rq4_fairness_pipeline' retrieved from /opt/airflow/dags/rq4_fairness_dag.py
[2025-12-29T16:57:25.235+0000] {logging_mixin.py:188} INFO - [2025-12-29T16:57:25.235+0000] {dag.py:3036} INFO - Sync 1 DAGs
[2025-12-29T16:57:25.251+0000] {logging_mixin.py:188} INFO - [2025-12-29T16:57:25.251+0000] {dag.py:3823} INFO - Setting next_dagrun for rq4_fairness_pipeline to None, run_after=None
[2025-12-29T16:57:25.278+0000] {processor.py:183} INFO - Processing /opt/airflow/dags/rq4_fairness_dag.py took 0.107 seconds
[2025-12-29T16:57:55.633+0000] {processor.py:161} INFO - Started process (PID=3776) to work on /opt/airflow/dags/rq4_fairness_dag.py
[2025-12-29T16:57:55.635+0000] {processor.py:830} INFO - Processing file /opt/airflow/dags/rq4_fairness_dag.py for tasks to queue
[2025-12-29T16:57:55.637+0000] {logging_mixin.py:188} INFO - [2025-12-29T16:57:55.636+0000] {dagbag.py:538} INFO - Filling up the DagBag from /opt/airflow/dags/rq4_fairness_dag.py
[2025-12-29T16:57:55.663+0000] {processor.py:840} INFO - DAG(s) 'rq4_fairness_pipeline' retrieved from /opt/airflow/dags/rq4_fairness_dag.py
[2025-12-29T16:57:55.705+0000] {logging_mixin.py:188} INFO - [2025-12-29T16:57:55.705+0000] {dag.py:3036} INFO - Sync 1 DAGs
[2025-12-29T16:57:55.724+0000] {logging_mixin.py:188} INFO - [2025-12-29T16:57:55.723+0000] {dag.py:3823} INFO - Setting next_dagrun for rq4_fairness_pipeline to None, run_after=None
[2025-12-29T16:57:55.754+0000] {processor.py:183} INFO - Processing /opt/airflow/dags/rq4_fairness_dag.py took 0.127 seconds
[2025-12-29T16:58:26.179+0000] {processor.py:161} INFO - Started process (PID=3796) to work on /opt/airflow/dags/rq4_fairness_dag.py
[2025-12-29T16:58:26.180+0000] {processor.py:830} INFO - Processing file /opt/airflow/dags/rq4_fairness_dag.py for tasks to queue
[2025-12-29T16:58:26.181+0000] {logging_mixin.py:188} INFO - [2025-12-29T16:58:26.181+0000] {dagbag.py:538} INFO - Filling up the DagBag from /opt/airflow/dags/rq4_fairness_dag.py
[2025-12-29T16:58:26.209+0000] {processor.py:840} INFO - DAG(s) 'rq4_fairness_pipeline' retrieved from /opt/airflow/dags/rq4_fairness_dag.py
[2025-12-29T16:58:26.242+0000] {logging_mixin.py:188} INFO - [2025-12-29T16:58:26.242+0000] {dag.py:3036} INFO - Sync 1 DAGs
[2025-12-29T16:58:26.261+0000] {logging_mixin.py:188} INFO - [2025-12-29T16:58:26.261+0000] {dag.py:3823} INFO - Setting next_dagrun for rq4_fairness_pipeline to None, run_after=None
[2025-12-29T16:58:26.292+0000] {processor.py:183} INFO - Processing /opt/airflow/dags/rq4_fairness_dag.py took 0.118 seconds
[2025-12-29T16:58:56.824+0000] {processor.py:161} INFO - Started process (PID=3816) to work on /opt/airflow/dags/rq4_fairness_dag.py
[2025-12-29T16:58:56.825+0000] {processor.py:830} INFO - Processing file /opt/airflow/dags/rq4_fairness_dag.py for tasks to queue
[2025-12-29T16:58:56.827+0000] {logging_mixin.py:188} INFO - [2025-12-29T16:58:56.827+0000] {dagbag.py:538} INFO - Filling up the DagBag from /opt/airflow/dags/rq4_fairness_dag.py
[2025-12-29T16:58:56.868+0000] {processor.py:840} INFO - DAG(s) 'rq4_fairness_pipeline' retrieved from /opt/airflow/dags/rq4_fairness_dag.py
[2025-12-29T16:58:56.927+0000] {logging_mixin.py:188} INFO - [2025-12-29T16:58:56.926+0000] {dag.py:3036} INFO - Sync 1 DAGs
[2025-12-29T16:58:56.974+0000] {logging_mixin.py:188} INFO - [2025-12-29T16:58:56.973+0000] {dag.py:3823} INFO - Setting next_dagrun for rq4_fairness_pipeline to None, run_after=None
[2025-12-29T16:58:57.049+0000] {processor.py:183} INFO - Processing /opt/airflow/dags/rq4_fairness_dag.py took 0.230 seconds
