[2025-12-28T13:54:40.622+0000] {taskinstance.py:1956} INFO - Dependencies all met for dep_context=non-requeueable deps ti=<TaskInstance: rq1_end_to_end_pipeline.ingest_data manual__2025-12-28T13:54:39.318325+00:00 [queued]>
[2025-12-28T13:54:40.634+0000] {taskinstance.py:1956} INFO - Dependencies all met for dep_context=requeueable deps ti=<TaskInstance: rq1_end_to_end_pipeline.ingest_data manual__2025-12-28T13:54:39.318325+00:00 [queued]>
[2025-12-28T13:54:40.634+0000] {taskinstance.py:2170} INFO - Starting attempt 1 of 1
[2025-12-28T13:54:40.651+0000] {taskinstance.py:2191} INFO - Executing <Task(BashOperator): ingest_data> on 2025-12-28 13:54:39.318325+00:00
[2025-12-28T13:54:40.660+0000] {standard_task_runner.py:60} INFO - Started process 217 to run task
[2025-12-28T13:54:40.665+0000] {standard_task_runner.py:87} INFO - Running: ['***', 'tasks', 'run', 'rq1_end_to_end_pipeline', 'ingest_data', 'manual__2025-12-28T13:54:39.318325+00:00', '--job-id', '3', '--raw', '--subdir', 'DAGS_FOLDER/rq1_pipeline_dag.py', '--cfg-path', '/tmp/tmpgrvncdnu']
[2025-12-28T13:54:40.668+0000] {standard_task_runner.py:88} INFO - Job 3: Subtask ingest_data
[2025-12-28T13:54:40.739+0000] {task_command.py:423} INFO - Running <TaskInstance: rq1_end_to_end_pipeline.ingest_data manual__2025-12-28T13:54:39.318325+00:00 [running]> on host 11602ce6275f
[2025-12-28T13:54:40.844+0000] {taskinstance.py:2480} INFO - Exporting env vars: AIRFLOW_CTX_DAG_OWNER='***' AIRFLOW_CTX_DAG_ID='rq1_end_to_end_pipeline' AIRFLOW_CTX_TASK_ID='ingest_data' AIRFLOW_CTX_EXECUTION_DATE='2025-12-28T13:54:39.318325+00:00' AIRFLOW_CTX_TRY_NUMBER='1' AIRFLOW_CTX_DAG_RUN_ID='manual__2025-12-28T13:54:39.318325+00:00'
[2025-12-28T13:54:40.846+0000] {subprocess.py:63} INFO - Tmp dir root location: /tmp
[2025-12-28T13:54:40.847+0000] {subprocess.py:75} INFO - Running command: ['/usr/bin/bash', '-c', 'python /opt/***/src/data_ingestion/ingest_data.py']
[2025-12-28T13:54:40.863+0000] {subprocess.py:86} INFO - Output:
[2025-12-28T13:54:42.451+0000] {subprocess.py:93} INFO - Traceback (most recent call last):
[2025-12-28T13:54:42.451+0000] {subprocess.py:93} INFO -   File "/opt/***/src/data_ingestion/ingest_data.py", line 30, in <module>
[2025-12-28T13:54:42.453+0000] {subprocess.py:93} INFO -     ingest_data()
[2025-12-28T13:54:42.453+0000] {subprocess.py:93} INFO -   File "/opt/***/src/data_ingestion/ingest_data.py", line 17, in ingest_data
[2025-12-28T13:54:42.454+0000] {subprocess.py:93} INFO -     df = pd.read_csv(input_path)
[2025-12-28T13:54:42.455+0000] {subprocess.py:93} INFO -   File "/home/***/.local/lib/python3.8/site-packages/pandas/io/parsers/readers.py", line 912, in read_csv
[2025-12-28T13:54:42.456+0000] {subprocess.py:93} INFO -     return _read(filepath_or_buffer, kwds)
[2025-12-28T13:54:42.456+0000] {subprocess.py:93} INFO -   File "/home/***/.local/lib/python3.8/site-packages/pandas/io/parsers/readers.py", line 577, in _read
[2025-12-28T13:54:42.457+0000] {subprocess.py:93} INFO -     parser = TextFileReader(filepath_or_buffer, **kwds)
[2025-12-28T13:54:42.457+0000] {subprocess.py:93} INFO -   File "/home/***/.local/lib/python3.8/site-packages/pandas/io/parsers/readers.py", line 1407, in __init__
[2025-12-28T13:54:42.458+0000] {subprocess.py:93} INFO -     self._engine = self._make_engine(f, self.engine)
[2025-12-28T13:54:42.459+0000] {subprocess.py:93} INFO -   File "/home/***/.local/lib/python3.8/site-packages/pandas/io/parsers/readers.py", line 1661, in _make_engine
[2025-12-28T13:54:42.460+0000] {subprocess.py:93} INFO -     self.handles = get_handle(
[2025-12-28T13:54:42.461+0000] {subprocess.py:93} INFO -   File "/home/***/.local/lib/python3.8/site-packages/pandas/io/common.py", line 859, in get_handle
[2025-12-28T13:54:42.462+0000] {subprocess.py:93} INFO -     handle = open(
[2025-12-28T13:54:42.462+0000] {subprocess.py:93} INFO - FileNotFoundError: [Errno 2] No such file or directory: 'data/sample/heart_disease.csv'
[2025-12-28T13:54:42.561+0000] {subprocess.py:97} INFO - Command exited with return code 1
[2025-12-28T13:54:42.575+0000] {taskinstance.py:2698} ERROR - Task failed with exception
Traceback (most recent call last):
  File "/home/airflow/.local/lib/python3.8/site-packages/airflow/models/taskinstance.py", line 433, in _execute_task
    result = execute_callable(context=context, **execute_callable_kwargs)
  File "/home/airflow/.local/lib/python3.8/site-packages/airflow/operators/bash.py", line 212, in execute
    raise AirflowException(
airflow.exceptions.AirflowException: Bash command failed. The command returned a non-zero exit code 1.
[2025-12-28T13:54:42.580+0000] {taskinstance.py:1138} INFO - Marking task as FAILED. dag_id=rq1_end_to_end_pipeline, task_id=ingest_data, execution_date=20251228T135439, start_date=20251228T135440, end_date=20251228T135442
[2025-12-28T13:54:42.598+0000] {standard_task_runner.py:107} ERROR - Failed to execute job 3 for task ingest_data (Bash command failed. The command returned a non-zero exit code 1.; 217)
[2025-12-28T13:54:42.647+0000] {local_task_job_runner.py:234} INFO - Task exited with return code 1
[2025-12-28T13:54:42.675+0000] {taskinstance.py:3280} INFO - 0 downstream tasks scheduled from follow-on schedule check
