[2025-12-26T16:10:43.864+0000] {taskinstance.py:1165} INFO - Dependencies all met for <TaskInstance: rq1_end_to_end_pipeline.ingest_data manual__2025-12-26T15:54:41.218019+00:00 [queued]>
[2025-12-26T16:10:43.876+0000] {taskinstance.py:1165} INFO - Dependencies all met for <TaskInstance: rq1_end_to_end_pipeline.ingest_data manual__2025-12-26T15:54:41.218019+00:00 [queued]>
[2025-12-26T16:10:43.877+0000] {taskinstance.py:1362} INFO - 
--------------------------------------------------------------------------------
[2025-12-26T16:10:43.877+0000] {taskinstance.py:1363} INFO - Starting attempt 2 of 2
[2025-12-26T16:10:43.878+0000] {taskinstance.py:1364} INFO - 
--------------------------------------------------------------------------------
[2025-12-26T16:10:43.894+0000] {taskinstance.py:1383} INFO - Executing <Task(BashOperator): ingest_data> on 2025-12-26 15:54:41.218019+00:00
[2025-12-26T16:10:43.901+0000] {standard_task_runner.py:55} INFO - Started process 210 to run task
[2025-12-26T16:10:43.906+0000] {standard_task_runner.py:82} INFO - Running: ['***', 'tasks', 'run', 'rq1_end_to_end_pipeline', 'ingest_data', 'manual__2025-12-26T15:54:41.218019+00:00', '--job-id', '7', '--raw', '--subdir', 'DAGS_FOLDER/rq1_pipeline_dag.py', '--cfg-path', '/tmp/tmp_3ef4jyb']
[2025-12-26T16:10:43.907+0000] {standard_task_runner.py:83} INFO - Job 7: Subtask ingest_data
[2025-12-26T16:10:43.982+0000] {task_command.py:376} INFO - Running <TaskInstance: rq1_end_to_end_pipeline.ingest_data manual__2025-12-26T15:54:41.218019+00:00 [running]> on host f08e0cb3aa7d
[2025-12-26T16:10:44.057+0000] {taskinstance.py:1592} INFO - Exporting the following env vars:
AIRFLOW_CTX_DAG_OWNER=***
AIRFLOW_CTX_DAG_ID=rq1_end_to_end_pipeline
AIRFLOW_CTX_TASK_ID=ingest_data
AIRFLOW_CTX_EXECUTION_DATE=2025-12-26T15:54:41.218019+00:00
AIRFLOW_CTX_TRY_NUMBER=2
AIRFLOW_CTX_DAG_RUN_ID=manual__2025-12-26T15:54:41.218019+00:00
[2025-12-26T16:10:44.059+0000] {subprocess.py:63} INFO - Tmp dir root location: 
 /tmp
[2025-12-26T16:10:44.061+0000] {subprocess.py:75} INFO - Running command: ['/bin/bash', '-c', 'python src/ingestion/ingest_data.py']
[2025-12-26T16:10:44.079+0000] {subprocess.py:86} INFO - Output:
[2025-12-26T16:10:44.176+0000] {subprocess.py:93} INFO - python: can't open file 'src/ingestion/ingest_data.py': [Errno 2] No such file or directory
[2025-12-26T16:10:44.181+0000] {subprocess.py:97} INFO - Command exited with return code 2
[2025-12-26T16:10:44.196+0000] {taskinstance.py:1851} ERROR - Task failed with exception
Traceback (most recent call last):
  File "/home/airflow/.local/lib/python3.7/site-packages/airflow/operators/bash.py", line 197, in execute
    f'Bash command failed. The command returned a non-zero exit code {result.exit_code}.'
airflow.exceptions.AirflowException: Bash command failed. The command returned a non-zero exit code 2.
[2025-12-26T16:10:44.200+0000] {taskinstance.py:1406} INFO - Marking task as FAILED. dag_id=rq1_end_to_end_pipeline, task_id=ingest_data, execution_date=20251226T155441, start_date=20251226T161043, end_date=20251226T161044
[2025-12-26T16:10:44.215+0000] {standard_task_runner.py:105} ERROR - Failed to execute job 7 for task ingest_data (Bash command failed. The command returned a non-zero exit code 2.; 210)
[2025-12-26T16:10:44.238+0000] {local_task_job.py:164} INFO - Task exited with return code 1
[2025-12-26T16:10:44.272+0000] {local_task_job.py:273} INFO - 0 downstream tasks scheduled from follow-on schedule check
