[2025-12-26T15:54:42.474+0000] {taskinstance.py:1165} INFO - Dependencies all met for <TaskInstance: rq1_end_to_end_pipeline.ingest_data manual__2025-12-26T15:54:41.218019+00:00 [queued]>
[2025-12-26T15:54:42.486+0000] {taskinstance.py:1165} INFO - Dependencies all met for <TaskInstance: rq1_end_to_end_pipeline.ingest_data manual__2025-12-26T15:54:41.218019+00:00 [queued]>
[2025-12-26T15:54:42.486+0000] {taskinstance.py:1362} INFO - 
--------------------------------------------------------------------------------
[2025-12-26T15:54:42.487+0000] {taskinstance.py:1363} INFO - Starting attempt 1 of 1
[2025-12-26T15:54:42.487+0000] {taskinstance.py:1364} INFO - 
--------------------------------------------------------------------------------
[2025-12-26T15:54:42.502+0000] {taskinstance.py:1383} INFO - Executing <Task(BashOperator): ingest_data> on 2025-12-26 15:54:41.218019+00:00
[2025-12-26T15:54:42.510+0000] {standard_task_runner.py:55} INFO - Started process 333 to run task
[2025-12-26T15:54:42.514+0000] {standard_task_runner.py:82} INFO - Running: ['***', 'tasks', 'run', 'rq1_end_to_end_pipeline', 'ingest_data', 'manual__2025-12-26T15:54:41.218019+00:00', '--job-id', '3', '--raw', '--subdir', 'DAGS_FOLDER/rq1_pipeline_dag.py', '--cfg-path', '/tmp/tmpu6kaxc6_']
[2025-12-26T15:54:42.515+0000] {standard_task_runner.py:83} INFO - Job 3: Subtask ingest_data
[2025-12-26T15:54:42.593+0000] {task_command.py:376} INFO - Running <TaskInstance: rq1_end_to_end_pipeline.ingest_data manual__2025-12-26T15:54:41.218019+00:00 [running]> on host 5547446214ed
[2025-12-26T15:54:42.672+0000] {taskinstance.py:1592} INFO - Exporting the following env vars:
AIRFLOW_CTX_DAG_OWNER=***
AIRFLOW_CTX_DAG_ID=rq1_end_to_end_pipeline
AIRFLOW_CTX_TASK_ID=ingest_data
AIRFLOW_CTX_EXECUTION_DATE=2025-12-26T15:54:41.218019+00:00
AIRFLOW_CTX_TRY_NUMBER=1
AIRFLOW_CTX_DAG_RUN_ID=manual__2025-12-26T15:54:41.218019+00:00
[2025-12-26T15:54:42.674+0000] {subprocess.py:63} INFO - Tmp dir root location: 
 /tmp
[2025-12-26T15:54:42.676+0000] {subprocess.py:75} INFO - Running command: ['/bin/bash', '-c', 'python src/ingestion/ingest_data.py']
[2025-12-26T15:54:42.697+0000] {subprocess.py:86} INFO - Output:
[2025-12-26T15:54:42.789+0000] {subprocess.py:93} INFO - python: can't open file 'src/ingestion/ingest_data.py': [Errno 2] No such file or directory
[2025-12-26T15:54:42.793+0000] {subprocess.py:97} INFO - Command exited with return code 2
[2025-12-26T15:54:42.808+0000] {taskinstance.py:1851} ERROR - Task failed with exception
Traceback (most recent call last):
  File "/home/airflow/.local/lib/python3.7/site-packages/airflow/operators/bash.py", line 197, in execute
    f'Bash command failed. The command returned a non-zero exit code {result.exit_code}.'
airflow.exceptions.AirflowException: Bash command failed. The command returned a non-zero exit code 2.
[2025-12-26T15:54:42.812+0000] {taskinstance.py:1406} INFO - Marking task as FAILED. dag_id=rq1_end_to_end_pipeline, task_id=ingest_data, execution_date=20251226T155441, start_date=20251226T155442, end_date=20251226T155442
[2025-12-26T15:54:42.829+0000] {standard_task_runner.py:105} ERROR - Failed to execute job 3 for task ingest_data (Bash command failed. The command returned a non-zero exit code 2.; 333)
[2025-12-26T15:54:42.847+0000] {local_task_job.py:164} INFO - Task exited with return code 1
[2025-12-26T15:54:42.885+0000] {local_task_job.py:273} INFO - 0 downstream tasks scheduled from follow-on schedule check
